<?xml version="1.0" encoding="windows-1252" standalone="no"?>
<!DOCTYPE log SYSTEM "logger.dtd">
<log>
<record>
  <date>2018-10-28T13:17:09</date>
  <millis>1540747029238</millis>
  <sequence>0</sequence>
  <logger>User Id: COMPA1001</logger>
  <level>INFO</level>
  <class>client.Client</class>
  <method>main</method>
  <thread>1</thread>
  <message>2018-10-28T13:17:09.238 Operation: Add Course
</message>
</record>
<record>
  <date>2018-10-28T13:17:15</date>
  <millis>1540747035256</millis>
  <sequence>1</sequence>
  <logger>User Id: COMPA1001</logger>
  <level>INFO</level>
  <class>advisor.AdvisorOperations</class>
  <method>add_Course</method>
  <thread>1</thread>
  <message>2018-10-28T13:17:15.256Response from Server: Success</message>
</record>
<record>
  <date>2018-10-28T13:18:06</date>
  <millis>1540747086773</millis>
  <sequence>2</sequence>
  <logger>User Id: COMPA1001</logger>
  <level>INFO</level>
  <class>client.Client</class>
  <method>main</method>
  <thread>1</thread>
  <message>2018-10-28T13:18:06.773 Operation: List Course Availability
</message>
</record>
</log>
<?xml version="1.0" encoding="windows-1252" standalone="no"?>
<!DOCTYPE log SYSTEM "logger.dtd">
<log>
<record>
  <date>2018-10-28T13:18:20</date>
  <millis>1540747100740</millis>
  <sequence>0</sequence>
  <logger>User Id: COMPA1001</logger>
  <level>INFO</level>
  <class>client.Client</class>
  <method>main</method>
  <thread>1</thread>
  <message>2018-10-28T13:18:20.740 Operation: Add Course
</message>
</record>
<record>
  <date>2018-10-28T13:18:24</date>
  <millis>1540747104133</millis>
  <sequence>1</sequence>
  <logger>User Id: COMPA1001</logger>
  <level>INFO</level>
  <class>advisor.AdvisorOperations</class>
  <method>add_Course</method>
  <thread>1</thread>
  <message>2018-10-28T13:18:24.133Response from Server: Course already exists! Try for other term.</message>
</record>
<record>
  <date>2018-10-28T13:18:32</date>
  <millis>1540747112762</millis>
  <sequence>2</sequence>
  <logger>User Id: COMPA1001</logger>
  <level>INFO</level>
  <class>client.Client</class>
  <method>main</method>
  <thread>1</thread>
  <message>2018-10-28T13:18:32.762 Operation: Add Course
</message>
</record>
</log>
<?xml version="1.0" encoding="windows-1252" standalone="no"?>
<!DOCTYPE log SYSTEM "logger.dtd">
<log>
<record>
  <date>2018-10-28T13:18:55</date>
  <millis>1540747135980</millis>
  <sequence>0</sequence>
  <logger>User Id: COMPA1001</logger>
  <level>INFO</level>
  <class>client.Client</class>
  <method>main</method>
  <thread>1</thread>
  <message>2018-10-28T13:18:55.980 Operation: Add Course
</message>
</record>
<record>
  <date>2018-10-28T13:19:01</date>
  <millis>1540747141180</millis>
  <sequence>1</sequence>
  <logger>User Id: COMPA1001</logger>
  <level>INFO</level>
  <class>advisor.AdvisorOperations</class>
  <method>add_Course</method>
  <thread>1</thread>
  <message>2018-10-28T13:19:01.180Response from Server: Course already exists! Try for other term.</message>
</record>
<record>
  <date>2018-10-28T13:19:05</date>
  <millis>1540747145569</millis>
  <sequence>2</sequence>
  <logger>User Id: COMPA1001</logger>
  <level>INFO</level>
  <class>client.Client</class>
  <method>main</method>
  <thread>1</thread>
  <message>2018-10-28T13:19:05.569 Operation: Add Course
</message>
</record>
</log>
<?xml version="1.0" encoding="windows-1252" standalone="no"?>
<!DOCTYPE log SYSTEM "logger.dtd">
<log>
<record>
  <date>2018-10-28T13:22:08</date>
  <millis>1540747328317</millis>
  <sequence>0</sequence>
  <logger>User Id: COMPA1001</logger>
  <level>INFO</level>
  <class>client.Client</class>
  <method>main</method>
  <thread>1</thread>
  <message>2018-10-28T13:22:08.317 Operation: Add Course
</message>
</record>
</log>
<?xml version="1.0" encoding="windows-1252" standalone="no"?>
<!DOCTYPE log SYSTEM "logger.dtd">
<log>
<record>
  <date>2018-10-28T13:22:19</date>
  <millis>1540747339526</millis>
  <sequence>0</sequence>
  <logger>User Id: COMPA1001</logger>
  <level>INFO</level>
  <class>client.Client</class>
  <method>main</method>
  <thread>1</thread>
  <message>2018-10-28T13:22:19.526 Operation: Add Course
</message>
</record>
<record>
  <date>2018-10-28T13:22:22</date>
  <millis>1540747342940</millis>
  <sequence>1</sequence>
  <logger>User Id: COMPA1001</logger>
  <level>INFO</level>
  <class>advisor.AdvisorOperations</class>
  <method>add_Course</method>
  <thread>1</thread>
  <message>2018-10-28T13:22:22.940Response from Server: Success</message>
</record>
<record>
  <date>2018-10-28T13:22:25</date>
  <millis>1540747345816</millis>
  <sequence>2</sequence>
  <logger>User Id: COMPA1001</logger>
  <level>INFO</level>
  <class>client.Client</class>
  <method>main</method>
  <thread>1</thread>
  <message>2018-10-28T13:22:25.816 Operation: Add Course
</message>
</record>
<record>
  <date>2018-10-28T13:22:28</date>
  <millis>1540747348861</millis>
  <sequence>3</sequence>
  <logger>User Id: COMPA1001</logger>
  <level>INFO</level>
  <class>advisor.AdvisorOperations</class>
  <method>add_Course</method>
  <thread>1</thread>
  <message>2018-10-28T13:22:28.861Response from Server: Course already exists! Try for other term.</message>
</record>
<record>
  <date>2018-10-28T13:22:32</date>
  <millis>1540747352423</millis>
  <sequence>4</sequence>
  <logger>User Id: COMPA1001</logger>
  <level>INFO</level>
  <class>client.Client</class>
  <method>main</method>
  <thread>1</thread>
  <message>2018-10-28T13:22:32.423 Operation: Add Course
</message>
</record>
<record>
  <date>2018-10-28T13:22:37</date>
  <millis>1540747357315</millis>
  <sequence>5</sequence>
  <logger>User Id: COMPA1001</logger>
  <level>INFO</level>
  <class>advisor.AdvisorOperations</class>
  <method>add_Course</method>
  <thread>1</thread>
  <message>2018-10-28T13:22:37.315Response from Server: Success</message>
</record>
<record>
  <date>2018-10-28T13:22:44</date>
  <millis>1540747364502</millis>
  <sequence>6</sequence>
  <logger>User Id: COMPA1001</logger>
  <level>INFO</level>
  <class>client.Client</class>
  <method>main</method>
  <thread>1</thread>
  <message>2018-10-28T13:22:44.502 Operation: Remove Course
</message>
</record>
<record>
  <date>2018-10-28T13:22:46</date>
  <millis>1540747366861</millis>
  <sequence>7</sequence>
  <logger>User Id: COMPA1001</logger>
  <level>INFO</level>
  <class>advisor.AdvisorOperations</class>
  <method>remove_Course</method>
  <thread>1</thread>
  <message>2018-10-28T13:22:46.861Response from Server: Course Removed!</message>
</record>
<record>
  <date>2018-10-28T13:22:49</date>
  <millis>1540747369891</millis>
  <sequence>8</sequence>
  <logger>User Id: COMPA1001</logger>
  <level>INFO</level>
  <class>client.Client</class>
  <method>main</method>
  <thread>1</thread>
  <message>2018-10-28T13:22:49.891 Operation: Add Course
</message>
</record>
<record>
  <date>2018-10-28T13:22:54</date>
  <millis>1540747374299</millis>
  <sequence>9</sequence>
  <logger>User Id: COMPA1001</logger>
  <level>INFO</level>
  <class>advisor.AdvisorOperations</class>
  <method>add_Course</method>
  <thread>1</thread>
  <message>2018-10-28T13:22:54.299Response from Server: Success</message>
</record>
<record>
  <date>2018-10-28T13:22:57</date>
  <millis>1540747377018</millis>
  <sequence>10</sequence>
  <logger>User Id: COMPA1001</logger>
  <level>INFO</level>
  <class>client.Client</class>
  <method>main</method>
  <thread>1</thread>
  <message>2018-10-28T13:22:57.018 Operation: Add Course
</message>
</record>
<record>
  <date>2018-10-28T13:23:42</date>
  <millis>1540747422408</millis>
  <sequence>11</sequence>
  <logger>User Id: COMPA1001</logger>
  <level>INFO</level>
  <class>advisor.AdvisorOperations</class>
  <method>add_Course</method>
  <thread>1</thread>
  <message>2018-10-28T13:23:42.408Response from Server: Success</message>
</record>
<record>
  <date>2018-10-28T13:36:26</date>
  <millis>1540748186767</millis>
  <sequence>12</sequence>
  <logger>User Id: COMPA1001</logger>
  <level>INFO</level>
  <class>client.Client</class>
  <method>main</method>
  <thread>1</thread>
  <message>2018-10-28T13:36:26.767 Operation: Add Course
</message>
</record>
<record>
  <date>2018-10-28T13:36:33</date>
  <millis>1540748193069</millis>
  <sequence>13</sequence>
  <logger>User Id: COMPA1001</logger>
  <level>INFO</level>
  <class>advisor.AdvisorOperations</class>
  <method>add_Course</method>
  <thread>1</thread>
  <message>2018-10-28T13:36:33.069Response from Server: Course already exists! Try for other term.</message>
</record>
<record>
  <date>2018-10-28T13:36:38</date>
  <millis>1540748198767</millis>
  <sequence>14</sequence>
  <logger>User Id: COMPA1001</logger>
  <level>INFO</level>
  <class>client.Client</class>
  <method>main</method>
  <thread>1</thread>
  <message>2018-10-28T13:36:38.767 Operation: Remove Course
</message>
</record>
<record>
  <date>2018-10-28T13:36:40</date>
  <millis>1540748200134</millis>
  <sequence>15</sequence>
  <logger>User Id: COMPA1001</logger>
  <level>INFO</level>
  <class>advisor.AdvisorOperations</class>
  <method>remove_Course</method>
  <thread>1</thread>
  <message>2018-10-28T13:36:40.134Response from Server: Course Removed!</message>
</record>
<record>
  <date>2018-10-28T13:36:42</date>
  <millis>1540748202752</millis>
  <sequence>16</sequence>
  <logger>User Id: COMPA1001</logger>
  <level>INFO</level>
  <class>client.Client</class>
  <method>main</method>
  <thread>1</thread>
  <message>2018-10-28T13:36:42.752 Operation: Add Course
</message>
</record>
<record>
  <date>2018-10-28T13:36:46</date>
  <millis>1540748206298</millis>
  <sequence>17</sequence>
  <logger>User Id: COMPA1001</logger>
  <level>INFO</level>
  <class>advisor.AdvisorOperations</class>
  <method>add_Course</method>
  <thread>1</thread>
  <message>2018-10-28T13:36:46.298Response from Server: Success</message>
</record>
</log>
<?xml version="1.0" encoding="windows-1252" standalone="no"?>
<!DOCTYPE log SYSTEM "logger.dtd">
<log>
<record>
  <date>2018-10-28T13:51:44</date>
  <millis>1540749104782</millis>
  <sequence>0</sequence>
  <logger>User Id: COMPA1001</logger>
  <level>INFO</level>
  <class>client.Client</class>
  <method>main</method>
  <thread>1</thread>
  <message>2018-10-28T13:51:44.782 Operation: Add Course
</message>
</record>
<record>
  <date>2018-10-28T13:51:55</date>
  <millis>1540749115330</millis>
  <sequence>1</sequence>
  <logger>User Id: COMPA1001</logger>
  <level>INFO</level>
  <class>advisor.AdvisorOperations</class>
  <method>add_Course</method>
  <thread>1</thread>
  <message>2018-10-28T13:51:55.330Response from Server: Success</message>
</record>
</log>
<?xml version="1.0" encoding="windows-1252" standalone="no"?>
<!DOCTYPE log SYSTEM "logger.dtd">
<log>
<record>
  <date>2018-10-28T14:14:34</date>
  <millis>1540750474824</millis>
  <sequence>0</sequence>
  <logger>User Id: COMPA1001</logger>
  <level>INFO</level>
  <class>client.Client</class>
  <method>main</method>
  <thread>1</thread>
  <message>2018-10-28T14:14:34.824 Operation: Add Course
</message>
</record>
<record>
  <date>2018-10-28T14:14:38</date>
  <millis>1540750478305</millis>
  <sequence>1</sequence>
  <logger>User Id: COMPA1001</logger>
  <level>INFO</level>
  <class>advisor.AdvisorOperations</class>
  <method>add_Course</method>
  <thread>1</thread>
  <message>2018-10-28T14:14:38.305Response from Server: Success</message>
</record>
<record>
  <date>2018-10-28T14:14:40</date>
  <millis>1540750480518</millis>
  <sequence>2</sequence>
  <logger>User Id: COMPA1001</logger>
  <level>INFO</level>
  <class>client.Client</class>
  <method>main</method>
  <thread>1</thread>
  <message>2018-10-28T14:14:40.518 Operation: Add Course
</message>
</record>
<record>
  <date>2018-10-28T14:14:44</date>
  <millis>1540750484615</millis>
  <sequence>3</sequence>
  <logger>User Id: COMPA1001</logger>
  <level>INFO</level>
  <class>advisor.AdvisorOperations</class>
  <method>add_Course</method>
  <thread>1</thread>
  <message>2018-10-28T14:14:44.615Response from Server: Success</message>
</record>
</log>
<?xml version="1.0" encoding="windows-1252" standalone="no"?>
<!DOCTYPE log SYSTEM "logger.dtd">
<log>
<record>
  <date>2018-10-28T14:23:24</date>
  <millis>1540751004050</millis>
  <sequence>0</sequence>
  <logger>User Id: COMPA1001</logger>
  <level>INFO</level>
  <class>client.Client</class>
  <method>main</method>
  <thread>1</thread>
  <message>2018-10-28T14:23:24.050 Operation: Add Course
</message>
</record>
<record>
  <date>2018-10-28T14:23:27</date>
  <millis>1540751007246</millis>
  <sequence>1</sequence>
  <logger>User Id: COMPA1001</logger>
  <level>INFO</level>
  <class>advisor.AdvisorOperations</class>
  <method>add_Course</method>
  <thread>1</thread>
  <message>2018-10-28T14:23:27.246Response from Server: Success</message>
</record>
<record>
  <date>2018-10-28T14:23:29</date>
  <millis>1540751009236</millis>
  <sequence>2</sequence>
  <logger>User Id: COMPA1001</logger>
  <level>INFO</level>
  <class>client.Client</class>
  <method>main</method>
  <thread>1</thread>
  <message>2018-10-28T14:23:29.236 Operation: Add Course
</message>
</record>
<record>
  <date>2018-10-28T14:23:32</date>
  <millis>1540751012127</millis>
  <sequence>3</sequence>
  <logger>User Id: COMPA1001</logger>
  <level>INFO</level>
  <class>advisor.AdvisorOperations</class>
  <method>add_Course</method>
  <thread>1</thread>
  <message>2018-10-28T14:23:32.127Response from Server: Success</message>
</record>
</log>
<?xml version="1.0" encoding="windows-1252" standalone="no"?>
<!DOCTYPE log SYSTEM "logger.dtd">
<log>
<record>
  <date>2018-10-28T14:39:09</date>
  <millis>1540751949076</millis>
  <sequence>0</sequence>
  <logger>User Id: COMPA1001</logger>
  <level>INFO</level>
  <class>client.Client</class>
  <method>main</method>
  <thread>1</thread>
  <message>2018-10-28T14:39:09.076 Operation: Add Course
</message>
</record>
<record>
  <date>2018-10-28T14:39:13</date>
  <millis>1540751953455</millis>
  <sequence>1</sequence>
  <logger>User Id: COMPA1001</logger>
  <level>INFO</level>
  <class>advisor.AdvisorOperations</class>
  <method>add_Course</method>
  <thread>1</thread>
  <message>2018-10-28T14:39:13.455Response from Server: Success</message>
</record>
<record>
  <date>2018-10-28T14:39:17</date>
  <millis>1540751957175</millis>
  <sequence>2</sequence>
  <logger>User Id: COMPA1001</logger>
  <level>INFO</level>
  <class>client.Client</class>
  <method>main</method>
  <thread>1</thread>
  <message>2018-10-28T14:39:17.175 Operation: Add Course
</message>
</record>
<record>
  <date>2018-10-28T14:39:23</date>
  <millis>1540751963439</millis>
  <sequence>3</sequence>
  <logger>User Id: COMPA1001</logger>
  <level>INFO</level>
  <class>advisor.AdvisorOperations</class>
  <method>add_Course</method>
  <thread>1</thread>
  <message>2018-10-28T14:39:23.439Response from Server: Success</message>
</record>
</log>
<?xml version="1.0" encoding="windows-1252" standalone="no"?>
<!DOCTYPE log SYSTEM "logger.dtd">
<log>
<record>
  <date>2018-10-28T14:54:29</date>
  <millis>1540752869486</millis>
  <sequence>0</sequence>
  <logger>User Id: COMPA1001</logger>
  <level>INFO</level>
  <class>client.Client</class>
  <method>main</method>
  <thread>1</thread>
  <message>2018-10-28T14:54:29.486 Operation: Add Course
</message>
</record>
<record>
  <date>2018-10-28T14:54:32</date>
  <millis>1540752872642</millis>
  <sequence>1</sequence>
  <logger>User Id: COMPA1001</logger>
  <level>INFO</level>
  <class>advisor.AdvisorOperations</class>
  <method>add_Course</method>
  <thread>1</thread>
  <message>2018-10-28T14:54:32.642Response from Server: Success</message>
</record>
<record>
  <date>2018-10-28T14:54:34</date>
  <millis>1540752874549</millis>
  <sequence>2</sequence>
  <logger>User Id: COMPA1001</logger>
  <level>INFO</level>
  <class>client.Client</class>
  <method>main</method>
  <thread>1</thread>
  <message>2018-10-28T14:54:34.549 Operation: Add Course
</message>
</record>
<record>
  <date>2018-10-28T14:54:39</date>
  <millis>1540752879642</millis>
  <sequence>3</sequence>
  <logger>User Id: COMPA1001</logger>
  <level>INFO</level>
  <class>advisor.AdvisorOperations</class>
  <method>add_Course</method>
  <thread>1</thread>
  <message>2018-10-28T14:54:39.642Response from Server: Success</message>
</record>
</log>
<?xml version="1.0" encoding="windows-1252" standalone="no"?>
<!DOCTYPE log SYSTEM "logger.dtd">
<log>
<record>
  <date>2018-10-28T15:51:02</date>
  <millis>1540756262392</millis>
  <sequence>0</sequence>
  <logger>User Id: COMPA1001</logger>
  <level>INFO</level>
  <class>client.Client</class>
  <method>main</method>
  <thread>1</thread>
  <message>2018-10-28T15:51:02.392 Operation: Add Course
</message>
</record>
<record>
  <date>2018-10-28T15:51:05</date>
  <millis>1540756265939</millis>
  <sequence>1</sequence>
  <logger>User Id: COMPA1001</logger>
  <level>INFO</level>
  <class>advisor.AdvisorOperations</class>
  <method>add_Course</method>
  <thread>1</thread>
  <message>2018-10-28T15:51:05.939Response from Server: Success</message>
</record>
<record>
  <date>2018-10-28T15:51:07</date>
  <millis>1540756267814</millis>
  <sequence>2</sequence>
  <logger>User Id: COMPA1001</logger>
  <level>INFO</level>
  <class>client.Client</class>
  <method>main</method>
  <thread>1</thread>
  <message>2018-10-28T15:51:07.814 Operation: Add Course
</message>
</record>
<record>
  <date>2018-10-28T15:51:12</date>
  <millis>1540756272235</millis>
  <sequence>3</sequence>
  <logger>User Id: COMPA1001</logger>
  <level>INFO</level>
  <class>advisor.AdvisorOperations</class>
  <method>add_Course</method>
  <thread>1</thread>
  <message>2018-10-28T15:51:12.235Response from Server: Success</message>
</record>
</log>
<?xml version="1.0" encoding="windows-1252" standalone="no"?>
<!DOCTYPE log SYSTEM "logger.dtd">
<log>
<record>
  <date>2018-10-28T16:58:40</date>
  <millis>1540760320907</millis>
  <sequence>0</sequence>
  <logger>User Id: COMPA1001</logger>
  <level>INFO</level>
  <class>client.Client</class>
  <method>main</method>
  <thread>1</thread>
  <message>2018-10-28T16:58:40.907 Operation: Add Course
</message>
</record>
<record>
  <date>2018-10-28T16:58:45</date>
  <millis>1540760325789</millis>
  <sequence>1</sequence>
  <logger>User Id: COMPA1001</logger>
  <level>INFO</level>
  <class>advisor.AdvisorOperations</class>
  <method>add_Course</method>
  <thread>1</thread>
  <message>2018-10-28T16:58:45.789Response from Server: Success</message>
</record>
<record>
  <date>2018-10-28T16:58:47</date>
  <millis>1540760327720</millis>
  <sequence>2</sequence>
  <logger>User Id: COMPA1001</logger>
  <level>INFO</level>
  <class>client.Client</class>
  <method>main</method>
  <thread>1</thread>
  <message>2018-10-28T16:58:47.720 Operation: Add Course
</message>
</record>
<record>
  <date>2018-10-28T16:58:51</date>
  <millis>1540760331571</millis>
  <sequence>3</sequence>
  <logger>User Id: COMPA1001</logger>
  <level>INFO</level>
  <class>advisor.AdvisorOperations</class>
  <method>add_Course</method>
  <thread>1</thread>
  <message>2018-10-28T16:58:51.571Response from Server: Success</message>
</record>
</log>
<?xml version="1.0" encoding="windows-1252" standalone="no"?>
<!DOCTYPE log SYSTEM "logger.dtd">
<log>
<record>
  <date>2018-10-28T17:30:45</date>
  <millis>1540762245354</millis>
  <sequence>0</sequence>
  <logger>User Id: COMPA1001</logger>
  <level>INFO</level>
  <class>client.Client</class>
  <method>main</method>
  <thread>1</thread>
  <message>2018-10-28T17:30:45.339 Operation: Add Course
</message>
</record>
<record>
  <date>2018-10-28T17:30:56</date>
  <millis>1540762256270</millis>
  <sequence>1</sequence>
  <logger>User Id: COMPA1001</logger>
  <level>INFO</level>
  <class>advisor.AdvisorOperations</class>
  <method>add_Course</method>
  <thread>1</thread>
  <message>2018-10-28T17:30:56.270Response from Server: Success</message>
</record>
</log>
<?xml version="1.0" encoding="windows-1252" standalone="no"?>
<!DOCTYPE log SYSTEM "logger.dtd">
<log>
<record>
  <date>2018-10-28T17:35:23</date>
  <millis>1540762523130</millis>
  <sequence>0</sequence>
  <logger>User Id: COMPA1001</logger>
  <level>INFO</level>
  <class>client.Client</class>
  <method>main</method>
  <thread>1</thread>
  <message>2018-10-28T17:35:23.115 Operation: Add Course
</message>
</record>
<record>
  <date>2018-10-28T17:35:29</date>
  <millis>1540762529769</millis>
  <sequence>1</sequence>
  <logger>User Id: COMPA1001</logger>
  <level>INFO</level>
  <class>advisor.AdvisorOperations</class>
  <method>add_Course</method>
  <thread>1</thread>
  <message>2018-10-28T17:35:29.769Response from Server: Success</message>
</record>
</log>
<?xml version="1.0" encoding="windows-1252" standalone="no"?>
<!DOCTYPE log SYSTEM "logger.dtd">
<log>
<record>
  <date>2018-10-28T17:37:38</date>
  <millis>1540762658645</millis>
  <sequence>0</sequence>
  <logger>User Id: COMPA1001</logger>
  <level>INFO</level>
  <class>client.Client</class>
  <method>main</method>
  <thread>1</thread>
  <message>2018-10-28T17:37:38.630 Operation: Add Course
</message>
</record>
<record>
  <date>2018-10-28T17:37:43</date>
  <millis>1540762663910</millis>
  <sequence>1</sequence>
  <logger>User Id: COMPA1001</logger>
  <level>INFO</level>
  <class>advisor.AdvisorOperations</class>
  <method>add_Course</method>
  <thread>1</thread>
  <message>2018-10-28T17:37:43.910Response from Server: Success</message>
</record>
</log>
<?xml version="1.0" encoding="windows-1252" standalone="no"?>
<!DOCTYPE log SYSTEM "logger.dtd">
<log>
<record>
  <date>2018-10-28T17:50:35</date>
  <millis>1540763435548</millis>
  <sequence>0</sequence>
  <logger>User Id: COMPA1001</logger>
  <level>INFO</level>
  <class>client.Client</class>
  <method>main</method>
  <thread>1</thread>
  <message>2018-10-28T17:50:35.548 Operation: Add Course
</message>
</record>
<record>
  <date>2018-10-28T17:50:40</date>
  <millis>1540763440831</millis>
  <sequence>1</sequence>
  <logger>User Id: COMPA1001</logger>
  <level>INFO</level>
  <class>advisor.AdvisorOperations</class>
  <method>add_Course</method>
  <thread>1</thread>
  <message>2018-10-28T17:50:40.831Response from Server: Success</message>
</record>
</log>
<?xml version="1.0" encoding="windows-1252" standalone="no"?>
<!DOCTYPE log SYSTEM "logger.dtd">
<log>
<record>
  <date>2018-10-28T17:58:16</date>
  <millis>1540763896394</millis>
  <sequence>0</sequence>
  <logger>User Id: COMPA1001</logger>
  <level>INFO</level>
  <class>client.Client</class>
  <method>main</method>
  <thread>1</thread>
  <message>2018-10-28T17:58:16.378 Operation: Add Course
</message>
</record>
<record>
  <date>2018-10-28T17:58:31</date>
  <millis>1540763911071</millis>
  <sequence>1</sequence>
  <logger>User Id: COMPA1001</logger>
  <level>INFO</level>
  <class>advisor.AdvisorOperations</class>
  <method>add_Course</method>
  <thread>1</thread>
  <message>2018-10-28T17:58:31.071Response from Server: Success</message>
</record>
</log>
<?xml version="1.0" encoding="windows-1252" standalone="no"?>
<!DOCTYPE log SYSTEM "logger.dtd">
<log>
<record>
  <date>2018-10-28T20:11:19</date>
  <millis>1540771879988</millis>
  <sequence>0</sequence>
  <logger>User Id: COMPA1001</logger>
  <level>INFO</level>
  <class>client.Client</class>
  <method>main</method>
  <thread>1</thread>
  <message>2018-10-28T20:11:19.988 Operation: Add Course
</message>
</record>
<record>
  <date>2018-10-28T20:11:22</date>
  <millis>1540771882862</millis>
  <sequence>1</sequence>
  <logger>User Id: COMPA1001</logger>
  <level>INFO</level>
  <class>client.Client</class>
  <method>main</method>
  <thread>1</thread>
  <message>2018-10-28T20:11:22.862 Operation: Add Course
</message>
</record>
<record>
  <date>2018-10-28T20:11:27</date>
  <millis>1540771887194</millis>
  <sequence>2</sequence>
  <logger>User Id: COMPA1001</logger>
  <level>INFO</level>
  <class>advisor.AdvisorOperations</class>
  <method>add_Course</method>
  <thread>1</thread>
  <message>2018-10-28T20:11:27.194Response from Server: Success</message>
</record>
<record>
  <date>2018-10-28T20:11:30</date>
  <millis>1540771890440</millis>
  <sequence>3</sequence>
  <logger>User Id: COMPA1001</logger>
  <level>INFO</level>
  <class>client.Client</class>
  <method>main</method>
  <thread>1</thread>
  <message>2018-10-28T20:11:30.440 Operation: Add Course
</message>
</record>
<record>
  <date>2018-10-28T20:11:34</date>
  <millis>1540771894237</millis>
  <sequence>4</sequence>
  <logger>User Id: COMPA1001</logger>
  <level>INFO</level>
  <class>advisor.AdvisorOperations</class>
  <method>add_Course</method>
  <thread>1</thread>
  <message>2018-10-28T20:11:34.237Response from Server: Success</message>
</record>
<record>
  <date>2018-10-28T20:11:44</date>
  <millis>1540771904377</millis>
  <sequence>5</sequence>
  <logger>User Id: COMPA1001</logger>
  <level>INFO</level>
  <class>client.Client</class>
  <method>main</method>
  <thread>1</thread>
  <message>2018-10-28T20:11:44.377 Operation: List Course Availability
</message>
</record>
</log>
<?xml version="1.0" encoding="windows-1252" standalone="no"?>
<!DOCTYPE log SYSTEM "logger.dtd">
<log>
<record>
  <date>2018-10-28T20:15:18</date>
  <millis>1540772118736</millis>
  <sequence>0</sequence>
  <logger>User Id: COMPA1001</logger>
  <level>INFO</level>
  <class>client.Client</class>
  <method>main</method>
  <thread>1</thread>
  <message>2018-10-28T20:15:18.736 Operation: Add Course
</message>
</record>
<record>
  <date>2018-10-28T20:15:23</date>
  <millis>1540772123613</millis>
  <sequence>1</sequence>
  <logger>User Id: COMPA1001</logger>
  <level>INFO</level>
  <class>advisor.AdvisorOperations</class>
  <method>add_Course</method>
  <thread>1</thread>
  <message>2018-10-28T20:15:23.613Response from Server: Success</message>
</record>
<record>
  <date>2018-10-28T20:15:26</date>
  <millis>1540772126097</millis>
  <sequence>2</sequence>
  <logger>User Id: COMPA1001</logger>
  <level>INFO</level>
  <class>client.Client</class>
  <method>main</method>
  <thread>1</thread>
  <message>2018-10-28T20:15:26.097 Operation: Add Course
</message>
</record>
<record>
  <date>2018-10-28T20:15:29</date>
  <millis>1540772129845</millis>
  <sequence>3</sequence>
  <logger>User Id: COMPA1001</logger>
  <level>INFO</level>
  <class>advisor.AdvisorOperations</class>
  <method>add_Course</method>
  <thread>1</thread>
  <message>2018-10-28T20:15:29.845Response from Server: Success</message>
</record>
<record>
  <date>2018-10-28T20:15:31</date>
  <millis>1540772131960</millis>
  <sequence>4</sequence>
  <logger>User Id: COMPA1001</logger>
  <level>INFO</level>
  <class>client.Client</class>
  <method>main</method>
  <thread>1</thread>
  <message>2018-10-28T20:15:31.960 Operation: List Course Availability
</message>
</record>
</log>
<?xml version="1.0" encoding="windows-1252" standalone="no"?>
<!DOCTYPE log SYSTEM "logger.dtd">
<log>
<record>
  <date>2018-10-28T20:18:04</date>
  <millis>1540772284863</millis>
  <sequence>0</sequence>
  <logger>User Id: COMPA1001</logger>
  <level>INFO</level>
  <class>client.Client</class>
  <method>main</method>
  <thread>1</thread>
  <message>2018-10-28T20:18:04.863 Operation: Add Course
</message>
</record>
<record>
  <date>2018-10-28T20:18:09</date>
  <millis>1540772289455</millis>
  <sequence>1</sequence>
  <logger>User Id: COMPA1001</logger>
  <level>INFO</level>
  <class>advisor.AdvisorOperations</class>
  <method>add_Course</method>
  <thread>1</thread>
  <message>2018-10-28T20:18:09.455Response from Server: Success</message>
</record>
<record>
  <date>2018-10-28T20:18:12</date>
  <millis>1540772292643</millis>
  <sequence>2</sequence>
  <logger>User Id: COMPA1001</logger>
  <level>INFO</level>
  <class>client.Client</class>
  <method>main</method>
  <thread>1</thread>
  <message>2018-10-28T20:18:12.643 Operation: Add Course
</message>
</record>
<record>
  <date>2018-10-28T20:18:16</date>
  <millis>1540772296038</millis>
  <sequence>3</sequence>
  <logger>User Id: COMPA1001</logger>
  <level>INFO</level>
  <class>advisor.AdvisorOperations</class>
  <method>add_Course</method>
  <thread>1</thread>
  <message>2018-10-28T20:18:16.038Response from Server: Success</message>
</record>
<record>
  <date>2018-10-28T20:18:18</date>
  <millis>1540772298815</millis>
  <sequence>4</sequence>
  <logger>User Id: COMPA1001</logger>
  <level>INFO</level>
  <class>client.Client</class>
  <method>main</method>
  <thread>1</thread>
  <message>2018-10-28T20:18:18.815 Operation: List Course Availability
</message>
</record>
</log>
<?xml version="1.0" encoding="windows-1252" standalone="no"?>
<!DOCTYPE log SYSTEM "logger.dtd">
<log>
<record>
  <date>2018-10-28T20:57:19</date>
  <millis>1540774639118</millis>
  <sequence>0</sequence>
  <logger>User Id: COMPA1001</logger>
  <level>INFO</level>
  <class>client.Client</class>
  <method>main</method>
  <thread>1</thread>
  <message>2018-10-28T20:57:19.118 Operation: Add Course
</message>
</record>
<record>
  <date>2018-10-28T20:57:22</date>
  <millis>1540774642143</millis>
  <sequence>1</sequence>
  <logger>User Id: COMPA1001</logger>
  <level>INFO</level>
  <class>advisor.AdvisorOperations</class>
  <method>add_Course</method>
  <thread>1</thread>
  <message>2018-10-28T20:57:22.143Response from Server: Success</message>
</record>
<record>
  <date>2018-10-28T20:57:25</date>
  <millis>1540774645263</millis>
  <sequence>2</sequence>
  <logger>User Id: COMPA1001</logger>
  <level>INFO</level>
  <class>client.Client</class>
  <method>main</method>
  <thread>1</thread>
  <message>2018-10-28T20:57:25.263 Operation: Add Course
</message>
</record>
<record>
  <date>2018-10-28T20:57:29</date>
  <millis>1540774649879</millis>
  <sequence>3</sequence>
  <logger>User Id: COMPA1001</logger>
  <level>INFO</level>
  <class>advisor.AdvisorOperations</class>
  <method>add_Course</method>
  <thread>1</thread>
  <message>2018-10-28T20:57:29.879Response from Server: Success</message>
</record>
<record>
  <date>2018-10-28T20:57:33</date>
  <millis>1540774653580</millis>
  <sequence>4</sequence>
  <logger>User Id: COMPA1001</logger>
  <level>INFO</level>
  <class>client.Client</class>
  <method>main</method>
  <thread>1</thread>
  <message>2018-10-28T20:57:33.580 Operation: List Course Availability
</message>
</record>
</log>
<?xml version="1.0" encoding="windows-1252" standalone="no"?>
<!DOCTYPE log SYSTEM "logger.dtd">
<log>
<record>
  <date>2018-10-28T21:00:08</date>
  <millis>1540774808282</millis>
  <sequence>0</sequence>
  <logger>User Id: COMPA1001</logger>
  <level>INFO</level>
  <class>client.Client</class>
  <method>main</method>
  <thread>1</thread>
  <message>2018-10-28T21:00:08.282 Operation: Add Course
</message>
</record>
<record>
  <date>2018-10-28T21:00:13</date>
  <millis>1540774813189</millis>
  <sequence>1</sequence>
  <logger>User Id: COMPA1001</logger>
  <level>INFO</level>
  <class>advisor.AdvisorOperations</class>
  <method>add_Course</method>
  <thread>1</thread>
  <message>2018-10-28T21:00:13.189Response from Server: Success</message>
</record>
<record>
  <date>2018-10-28T21:00:15</date>
  <millis>1540774815566</millis>
  <sequence>2</sequence>
  <logger>User Id: COMPA1001</logger>
  <level>INFO</level>
  <class>client.Client</class>
  <method>main</method>
  <thread>1</thread>
  <message>2018-10-28T21:00:15.566 Operation: Add Course
</message>
</record>
<record>
  <date>2018-10-28T21:00:20</date>
  <millis>1540774820877</millis>
  <sequence>3</sequence>
  <logger>User Id: COMPA1001</logger>
  <level>INFO</level>
  <class>advisor.AdvisorOperations</class>
  <method>add_Course</method>
  <thread>1</thread>
  <message>2018-10-28T21:00:20.877Response from Server: Success</message>
</record>
<record>
  <date>2018-10-28T21:00:22</date>
  <millis>1540774822659</millis>
  <sequence>4</sequence>
  <logger>User Id: COMPA1001</logger>
  <level>INFO</level>
  <class>client.Client</class>
  <method>main</method>
  <thread>1</thread>
  <message>2018-10-28T21:00:22.659 Operation: List Course Availability
</message>
</record>
<record>
  <date>2018-10-28T21:00:22</date>
  <millis>1540774822705</millis>
  <sequence>5</sequence>
  <logger>User Id: COMPA1001</logger>
  <level>INFO</level>
  <class>advisor.AdvisorOperations</class>
  <method>listCourseAvailability</method>
  <thread>1</thread>
  <message>2018-10-28T21:00:22.705Response from Server: true</message>
</record>
</log>
<?xml version="1.0" encoding="windows-1252" standalone="no"?>
<!DOCTYPE log SYSTEM "logger.dtd">
<log>
<record>
  <date>2018-10-28T21:49:53</date>
  <millis>1540777793410</millis>
  <sequence>0</sequence>
  <logger>User Id: COMPA1001</logger>
  <level>INFO</level>
  <class>client.Client</class>
  <method>main</method>
  <thread>1</thread>
  <message>2018-10-28T21:49:53.410 Operation: Add Course
</message>
</record>
<record>
  <date>2018-10-28T21:49:56</date>
  <millis>1540777796940</millis>
  <sequence>1</sequence>
  <logger>User Id: COMPA1001</logger>
  <level>INFO</level>
  <class>advisor.AdvisorOperations</class>
  <method>add_Course</method>
  <thread>1</thread>
  <message>2018-10-28T21:49:56.940Response from Server: Success</message>
</record>
<record>
  <date>2018-10-28T21:49:59</date>
  <millis>1540777799363</millis>
  <sequence>2</sequence>
  <logger>User Id: COMPA1001</logger>
  <level>INFO</level>
  <class>client.Client</class>
  <method>main</method>
  <thread>1</thread>
  <message>2018-10-28T21:49:59.363 Operation: Add Course
</message>
</record>
<record>
  <date>2018-10-28T21:50:02</date>
  <millis>1540777802987</millis>
  <sequence>3</sequence>
  <logger>User Id: COMPA1001</logger>
  <level>INFO</level>
  <class>advisor.AdvisorOperations</class>
  <method>add_Course</method>
  <thread>1</thread>
  <message>2018-10-28T21:50:02.987Response from Server: Success</message>
</record>
<record>
  <date>2018-10-28T21:50:05</date>
  <millis>1540777805175</millis>
  <sequence>4</sequence>
  <logger>User Id: COMPA1001</logger>
  <level>INFO</level>
  <class>client.Client</class>
  <method>main</method>
  <thread>1</thread>
  <message>2018-10-28T21:50:05.175 Operation: List Course Availability
</message>
</record>
<record>
  <date>2018-10-28T21:50:05</date>
  <millis>1540777805237</millis>
  <sequence>5</sequence>
  <logger>User Id: COMPA1001</logger>
  <level>INFO</level>
  <class>advisor.AdvisorOperations</class>
  <method>listCourseAvailability</method>
  <thread>1</thread>
  <message>2018-10-28T21:50:05.237Response from Server: true</message>
</record>
</log>
<?xml version="1.0" encoding="windows-1252" standalone="no"?>
<!DOCTYPE log SYSTEM "logger.dtd">
<log>
<record>
  <date>2018-10-28T21:52:33</date>
  <millis>1540777953405</millis>
  <sequence>0</sequence>
  <logger>User Id: COMPA1001</logger>
  <level>INFO</level>
  <class>client.Client</class>
  <method>main</method>
  <thread>1</thread>
  <message>2018-10-28T21:52:33.389 Operation: Add Course
</message>
</record>
<record>
  <date>2018-10-28T21:52:37</date>
  <millis>1540777957442</millis>
  <sequence>1</sequence>
  <logger>User Id: COMPA1001</logger>
  <level>INFO</level>
  <class>advisor.AdvisorOperations</class>
  <method>add_Course</method>
  <thread>1</thread>
  <message>2018-10-28T21:52:37.442Response from Server: Success</message>
</record>
<record>
  <date>2018-10-28T21:52:39</date>
  <millis>1540777959205</millis>
  <sequence>2</sequence>
  <logger>User Id: COMPA1001</logger>
  <level>INFO</level>
  <class>client.Client</class>
  <method>main</method>
  <thread>1</thread>
  <message>2018-10-28T21:52:39.205 Operation: Add Course
</message>
</record>
<record>
  <date>2018-10-28T21:52:42</date>
  <millis>1540777962956</millis>
  <sequence>3</sequence>
  <logger>User Id: COMPA1001</logger>
  <level>INFO</level>
  <class>advisor.AdvisorOperations</class>
  <method>add_Course</method>
  <thread>1</thread>
  <message>2018-10-28T21:52:42.956Response from Server: Success</message>
</record>
<record>
  <date>2018-10-28T21:52:45</date>
  <millis>1540777965752</millis>
  <sequence>4</sequence>
  <logger>User Id: COMPA1001</logger>
  <level>INFO</level>
  <class>client.Client</class>
  <method>main</method>
  <thread>1</thread>
  <message>2018-10-28T21:52:45.752 Operation: List Course Availability
</message>
</record>
<record>
  <date>2018-10-28T21:52:45</date>
  <millis>1540777965784</millis>
  <sequence>5</sequence>
  <logger>User Id: COMPA1001</logger>
  <level>INFO</level>
  <class>advisor.AdvisorOperations</class>
  <method>listCourseAvailability</method>
  <thread>1</thread>
  <message>2018-10-28T21:52:45.784Response from Server: true</message>
</record>
</log>
<?xml version="1.0" encoding="windows-1252" standalone="no"?>
<!DOCTYPE log SYSTEM "logger.dtd">
<log>
<record>
  <date>2018-10-28T21:55:06</date>
  <millis>1540778106207</millis>
  <sequence>0</sequence>
  <logger>User Id: COMPA1001</logger>
  <level>INFO</level>
  <class>client.Client</class>
  <method>main</method>
  <thread>1</thread>
  <message>2018-10-28T21:55:06.207 Operation: Add Course
</message>
</record>
</log>
<?xml version="1.0" encoding="windows-1252" standalone="no"?>
<!DOCTYPE log SYSTEM "logger.dtd">
<log>
<record>
  <date>2018-10-28T21:55:37</date>
  <millis>1540778137035</millis>
  <sequence>0</sequence>
  <logger>User Id: COMPA1001</logger>
  <level>INFO</level>
  <class>client.Client</class>
  <method>main</method>
  <thread>1</thread>
  <message>2018-10-28T21:55:37.035 Operation: Add Course
</message>
</record>
<record>
  <date>2018-10-28T21:55:40</date>
  <millis>1540778140066</millis>
  <sequence>1</sequence>
  <logger>User Id: COMPA1001</logger>
  <level>INFO</level>
  <class>advisor.AdvisorOperations</class>
  <method>add_Course</method>
  <thread>1</thread>
  <message>2018-10-28T21:55:40.066Response from Server: Success</message>
</record>
<record>
  <date>2018-10-28T21:55:42</date>
  <millis>1540778142004</millis>
  <sequence>2</sequence>
  <logger>User Id: COMPA1001</logger>
  <level>INFO</level>
  <class>client.Client</class>
  <method>main</method>
  <thread>1</thread>
  <message>2018-10-28T21:55:42.004 Operation: Add Course
</message>
</record>
<record>
  <date>2018-10-28T21:55:47</date>
  <millis>1540778147307</millis>
  <sequence>3</sequence>
  <logger>User Id: COMPA1001</logger>
  <level>INFO</level>
  <class>advisor.AdvisorOperations</class>
  <method>add_Course</method>
  <thread>1</thread>
  <message>2018-10-28T21:55:47.307Response from Server: Success</message>
</record>
<record>
  <date>2018-10-28T21:55:49</date>
  <millis>1540778149347</millis>
  <sequence>4</sequence>
  <logger>User Id: COMPA1001</logger>
  <level>INFO</level>
  <class>client.Client</class>
  <method>main</method>
  <thread>1</thread>
  <message>2018-10-28T21:55:49.347 Operation: List Course Availability
</message>
</record>
<record>
  <date>2018-10-28T21:55:49</date>
  <millis>1540778149378</millis>
  <sequence>5</sequence>
  <logger>User Id: COMPA1001</logger>
  <level>INFO</level>
  <class>advisor.AdvisorOperations</class>
  <method>listCourseAvailability</method>
  <thread>1</thread>
  <message>2018-10-28T21:55:49.378Response from Server: true</message>
</record>
</log>
<?xml version="1.0" encoding="windows-1252" standalone="no"?>
<!DOCTYPE log SYSTEM "logger.dtd">
<log>
<record>
  <date>2018-10-28T22:06:48</date>
  <millis>1540778808143</millis>
  <sequence>0</sequence>
  <logger>User Id: COMPA1001</logger>
  <level>INFO</level>
  <class>client.Client</class>
  <method>main</method>
  <thread>1</thread>
  <message>2018-10-28T22:06:48.143 Operation: Add Course
</message>
</record>
<record>
  <date>2018-10-28T22:06:57</date>
  <millis>1540778817659</millis>
  <sequence>1</sequence>
  <logger>User Id: COMPA1001</logger>
  <level>INFO</level>
  <class>advisor.AdvisorOperations</class>
  <method>add_Course</method>
  <thread>1</thread>
  <message>2018-10-28T22:06:57.659Response from Server: Success</message>
</record>
<record>
  <date>2018-10-28T22:07:00</date>
  <millis>1540778820065</millis>
  <sequence>2</sequence>
  <logger>User Id: COMPA1001</logger>
  <level>INFO</level>
  <class>client.Client</class>
  <method>main</method>
  <thread>1</thread>
  <message>2018-10-28T22:07:00.065 Operation: Add Course
</message>
</record>
<record>
  <date>2018-10-28T22:07:04</date>
  <millis>1540778824205</millis>
  <sequence>3</sequence>
  <logger>User Id: COMPA1001</logger>
  <level>INFO</level>
  <class>advisor.AdvisorOperations</class>
  <method>add_Course</method>
  <thread>1</thread>
  <message>2018-10-28T22:07:04.205Response from Server: Success</message>
</record>
<record>
  <date>2018-10-28T22:07:07</date>
  <millis>1540778827682</millis>
  <sequence>4</sequence>
  <logger>User Id: COMPA1001</logger>
  <level>INFO</level>
  <class>client.Client</class>
  <method>main</method>
  <thread>1</thread>
  <message>2018-10-28T22:07:07.682 Operation: List Course Availability
</message>
</record>
<record>
  <date>2018-10-28T22:07:07</date>
  <millis>1540778827706</millis>
  <sequence>5</sequence>
  <logger>User Id: COMPA1001</logger>
  <level>INFO</level>
  <class>advisor.AdvisorOperations</class>
  <method>listCourseAvailability</method>
  <thread>1</thread>
  <message>2018-10-28T22:07:07.706Response from Server: true</message>
</record>
</log>
<?xml version="1.0" encoding="windows-1252" standalone="no"?>
<!DOCTYPE log SYSTEM "logger.dtd">
<log>
<record>
  <date>2018-10-28T22:14:54</date>
  <millis>1540779294263</millis>
  <sequence>0</sequence>
  <logger>User Id: COMPA1001</logger>
  <level>INFO</level>
  <class>client.Client</class>
  <method>main</method>
  <thread>1</thread>
  <message>2018-10-28T22:14:54.256 Operation: Add Course
</message>
</record>
<record>
  <date>2018-10-28T22:14:58</date>
  <millis>1540779298369</millis>
  <sequence>1</sequence>
  <logger>User Id: COMPA1001</logger>
  <level>INFO</level>
  <class>advisor.AdvisorOperations</class>
  <method>add_Course</method>
  <thread>1</thread>
  <message>2018-10-28T22:14:58.369Response from Server: Success</message>
</record>
<record>
  <date>2018-10-28T22:15:00</date>
  <millis>1540779300397</millis>
  <sequence>2</sequence>
  <logger>User Id: COMPA1001</logger>
  <level>INFO</level>
  <class>client.Client</class>
  <method>main</method>
  <thread>1</thread>
  <message>2018-10-28T22:15:00.397 Operation: Add Course
</message>
</record>
<record>
  <date>2018-10-28T22:15:04</date>
  <millis>1540779304842</millis>
  <sequence>3</sequence>
  <logger>User Id: COMPA1001</logger>
  <level>INFO</level>
  <class>advisor.AdvisorOperations</class>
  <method>add_Course</method>
  <thread>1</thread>
  <message>2018-10-28T22:15:04.842Response from Server: Success</message>
</record>
<record>
  <date>2018-10-28T22:15:06</date>
  <millis>1540779306561</millis>
  <sequence>4</sequence>
  <logger>User Id: COMPA1001</logger>
  <level>INFO</level>
  <class>client.Client</class>
  <method>main</method>
  <thread>1</thread>
  <message>2018-10-28T22:15:06.561 Operation: List Course Availability
</message>
</record>
<record>
  <date>2018-10-28T22:15:06</date>
  <millis>1540779306593</millis>
  <sequence>5</sequence>
  <logger>User Id: COMPA1001</logger>
  <level>INFO</level>
  <class>advisor.AdvisorOperations</class>
  <method>listCourseAvailability</method>
  <thread>1</thread>
  <message>2018-10-28T22:15:06.593Response from Server: true</message>
</record>
</log>
<?xml version="1.0" encoding="windows-1252" standalone="no"?>
<!DOCTYPE log SYSTEM "logger.dtd">
<log>
<record>
  <date>2018-10-28T22:29:16</date>
  <millis>1540780156246</millis>
  <sequence>0</sequence>
  <logger>User Id: COMPA1001</logger>
  <level>INFO</level>
  <class>client.Client</class>
  <method>main</method>
  <thread>1</thread>
  <message>2018-10-28T22:29:16.246 Operation: Add Course
</message>
</record>
<record>
  <date>2018-10-28T22:29:58</date>
  <millis>1540780198364</millis>
  <sequence>1</sequence>
  <logger>User Id: COMPA1001</logger>
  <level>INFO</level>
  <class>advisor.AdvisorOperations</class>
  <method>add_Course</method>
  <thread>1</thread>
  <message>2018-10-28T22:29:58.364Response from Server: Success</message>
</record>
<record>
  <date>2018-10-28T22:30:16</date>
  <millis>1540780216758</millis>
  <sequence>2</sequence>
  <logger>User Id: COMPA1001</logger>
  <level>INFO</level>
  <class>client.Client</class>
  <method>main</method>
  <thread>1</thread>
  <message>2018-10-28T22:30:16.758 Operation: Add Course
</message>
</record>
<record>
  <date>2018-10-28T22:30:19</date>
  <millis>1540780219504</millis>
  <sequence>3</sequence>
  <logger>User Id: COMPA1001</logger>
  <level>INFO</level>
  <class>advisor.AdvisorOperations</class>
  <method>add_Course</method>
  <thread>1</thread>
  <message>2018-10-28T22:30:19.504Response from Server: Success</message>
</record>
<record>
  <date>2018-10-28T22:30:21</date>
  <millis>1540780221413</millis>
  <sequence>4</sequence>
  <logger>User Id: COMPA1001</logger>
  <level>INFO</level>
  <class>client.Client</class>
  <method>main</method>
  <thread>1</thread>
  <message>2018-10-28T22:30:21.413 Operation: List Course Availability
</message>
</record>
<record>
  <date>2018-10-28T22:30:21</date>
  <millis>1540780221460</millis>
  <sequence>5</sequence>
  <logger>User Id: COMPA1001</logger>
  <level>INFO</level>
  <class>advisor.AdvisorOperations</class>
  <method>listCourseAvailability</method>
  <thread>1</thread>
  <message>2018-10-28T22:30:21.460Response from Server: true</message>
</record>
<record>
  <date>2018-10-28T22:31:51</date>
  <millis>1540780311995</millis>
  <sequence>6</sequence>
  <logger>User Id: COMPA1001</logger>
  <level>INFO</level>
  <class>client.Client</class>
  <method>main</method>
  <thread>1</thread>
  <message>2018-10-28T22:31:51.995 Operation: List Course Availability
</message>
</record>
<record>
  <date>2018-10-28T22:31:52</date>
  <millis>1540780312011</millis>
  <sequence>7</sequence>
  <logger>User Id: COMPA1001</logger>
  <level>INFO</level>
  <class>advisor.AdvisorOperations</class>
  <method>listCourseAvailability</method>
  <thread>1</thread>
  <message>2018-10-28T22:31:52.011Response from Server: true</message>
</record>
</log>
<?xml version="1.0" encoding="windows-1252" standalone="no"?>
<!DOCTYPE log SYSTEM "logger.dtd">
<log>
<record>
  <date>2018-10-28T23:16:47</date>
  <millis>1540783007473</millis>
  <sequence>0</sequence>
  <logger>User Id: COMPA1001</logger>
  <level>INFO</level>
  <class>client.Client</class>
  <method>main</method>
  <thread>1</thread>
  <message>2018-10-28T23:16:47.457 Operation: Add Course
</message>
</record>
<record>
  <date>2018-10-28T23:16:56</date>
  <millis>1540783016800</millis>
  <sequence>1</sequence>
  <logger>User Id: COMPA1001</logger>
  <level>INFO</level>
  <class>advisor.AdvisorOperations</class>
  <method>add_Course</method>
  <thread>1</thread>
  <message>2018-10-28T23:16:56.800Response from Server: Success</message>
</record>
<record>
  <date>2018-10-28T23:17:00</date>
  <millis>1540783020904</millis>
  <sequence>2</sequence>
  <logger>User Id: COMPA1001</logger>
  <level>INFO</level>
  <class>client.Client</class>
  <method>main</method>
  <thread>1</thread>
  <message>2018-10-28T23:17:00.904 Operation: Add Course
</message>
</record>
<record>
  <date>2018-10-28T23:17:07</date>
  <millis>1540783027228</millis>
  <sequence>3</sequence>
  <logger>User Id: COMPA1001</logger>
  <level>INFO</level>
  <class>advisor.AdvisorOperations</class>
  <method>add_Course</method>
  <thread>1</thread>
  <message>2018-10-28T23:17:07.228Response from Server: Success</message>
</record>
</log>
<?xml version="1.0" encoding="windows-1252" standalone="no"?>
<!DOCTYPE log SYSTEM "logger.dtd">
<log>
<record>
  <date>2018-10-28T23:40:08</date>
  <millis>1540784408388</millis>
  <sequence>0</sequence>
  <logger>User Id: COMPA1001</logger>
  <level>INFO</level>
  <class>client.Client</class>
  <method>main</method>
  <thread>1</thread>
  <message>2018-10-28T23:40:08.388 Operation: Add Course
</message>
</record>
<record>
  <date>2018-10-28T23:40:16</date>
  <millis>1540784416475</millis>
  <sequence>1</sequence>
  <logger>User Id: COMPA1001</logger>
  <level>INFO</level>
  <class>advisor.AdvisorOperations</class>
  <method>add_Course</method>
  <thread>1</thread>
  <message>2018-10-28T23:40:16.475Response from Server: Success</message>
</record>
<record>
  <date>2018-10-28T23:40:18</date>
  <millis>1540784418825</millis>
  <sequence>2</sequence>
  <logger>User Id: COMPA1001</logger>
  <level>INFO</level>
  <class>client.Client</class>
  <method>main</method>
  <thread>1</thread>
  <message>2018-10-28T23:40:18.825 Operation: Add Course
</message>
</record>
<record>
  <date>2018-10-28T23:40:22</date>
  <millis>1540784422303</millis>
  <sequence>3</sequence>
  <logger>User Id: COMPA1001</logger>
  <level>INFO</level>
  <class>advisor.AdvisorOperations</class>
  <method>add_Course</method>
  <thread>1</thread>
  <message>2018-10-28T23:40:22.303Response from Server: Success</message>
</record>
</log>
<?xml version="1.0" encoding="windows-1252" standalone="no"?>
<!DOCTYPE log SYSTEM "logger.dtd">
<log>
<record>
  <date>2018-10-28T23:43:14</date>
  <millis>1540784594507</millis>
  <sequence>0</sequence>
  <logger>User Id: COMPA1001</logger>
  <level>INFO</level>
  <class>client.Client</class>
  <method>main</method>
  <thread>1</thread>
  <message>2018-10-28T23:43:14.491 Operation: Add Course
</message>
</record>
<record>
  <date>2018-10-28T23:43:17</date>
  <millis>1540784597039</millis>
  <sequence>1</sequence>
  <logger>User Id: COMPA1001</logger>
  <level>INFO</level>
  <class>advisor.AdvisorOperations</class>
  <method>add_Course</method>
  <thread>1</thread>
  <message>2018-10-28T23:43:17.039Response from Server: Success</message>
</record>
<record>
  <date>2018-10-28T23:43:19</date>
  <millis>1540784599183</millis>
  <sequence>2</sequence>
  <logger>User Id: COMPA1001</logger>
  <level>INFO</level>
  <class>client.Client</class>
  <method>main</method>
  <thread>1</thread>
  <message>2018-10-28T23:43:19.183 Operation: Add Course
</message>
</record>
<record>
  <date>2018-10-28T23:43:24</date>
  <millis>1540784604060</millis>
  <sequence>3</sequence>
  <logger>User Id: COMPA1001</logger>
  <level>INFO</level>
  <class>advisor.AdvisorOperations</class>
  <method>add_Course</method>
  <thread>1</thread>
  <message>2018-10-28T23:43:24.060Response from Server: Success</message>
</record>
</log>
<?xml version="1.0" encoding="windows-1252" standalone="no"?>
<!DOCTYPE log SYSTEM "logger.dtd">
<log>
<record>
  <date>2018-10-31T13:00:14</date>
  <millis>1541005214879</millis>
  <sequence>0</sequence>
  <logger>User Id: COMPA1001</logger>
  <level>INFO</level>
  <class>client.Client</class>
  <method>main</method>
  <thread>1</thread>
  <message>2018-10-31T13:00:14.863 Operation: Add Course
</message>
</record>
<record>
  <date>2018-10-31T13:00:28</date>
  <millis>1541005228235</millis>
  <sequence>1</sequence>
  <logger>User Id: COMPA1001</logger>
  <level>INFO</level>
  <class>advisor.AdvisorOperations</class>
  <method>add_Course</method>
  <thread>1</thread>
  <message>2018-10-31T13:00:28.235Response from Server: Success</message>
</record>
<record>
  <date>2018-10-31T13:00:38</date>
  <millis>1541005238766</millis>
  <sequence>2</sequence>
  <logger>User Id: COMPA1001</logger>
  <level>INFO</level>
  <class>client.Client</class>
  <method>main</method>
  <thread>1</thread>
  <message>2018-10-31T13:00:38.766 Operation: Add Course
</message>
</record>
<record>
  <date>2018-10-31T13:00:44</date>
  <millis>1541005244447</millis>
  <sequence>3</sequence>
  <logger>User Id: COMPA1001</logger>
  <level>INFO</level>
  <class>advisor.AdvisorOperations</class>
  <method>add_Course</method>
  <thread>1</thread>
  <message>2018-10-31T13:00:44.447Response from Server: Success</message>
</record>
<record>
  <date>2018-10-31T13:00:46</date>
  <millis>1541005246652</millis>
  <sequence>4</sequence>
  <logger>User Id: COMPA1001</logger>
  <level>INFO</level>
  <class>client.Client</class>
  <method>main</method>
  <thread>1</thread>
  <message>2018-10-31T13:00:46.652 Operation: Add Course
</message>
</record>
<record>
  <date>2018-10-31T13:00:53</date>
  <millis>1541005253184</millis>
  <sequence>5</sequence>
  <logger>User Id: COMPA1001</logger>
  <level>INFO</level>
  <class>advisor.AdvisorOperations</class>
  <method>add_Course</method>
  <thread>1</thread>
  <message>2018-10-31T13:00:53.184Response from Server: Success</message>
</record>
</log>
<?xml version="1.0" encoding="windows-1252" standalone="no"?>
<!DOCTYPE log SYSTEM "logger.dtd">
<log>
<record>
  <date>2018-10-31T13:07:07</date>
  <millis>1541005627829</millis>
  <sequence>0</sequence>
  <logger>User Id: COMPA1001</logger>
  <level>INFO</level>
  <class>client.Client</class>
  <method>main</method>
  <thread>1</thread>
  <message>2018-10-31T13:07:07.829 Operation: Add Course
</message>
</record>
<record>
  <date>2018-10-31T13:07:12</date>
  <millis>1541005632814</millis>
  <sequence>1</sequence>
  <logger>User Id: COMPA1001</logger>
  <level>INFO</level>
  <class>advisor.AdvisorOperations</class>
  <method>add_Course</method>
  <thread>1</thread>
  <message>2018-10-31T13:07:12.814Response from Server: Success</message>
</record>
<record>
  <date>2018-10-31T13:07:15</date>
  <millis>1541005635065</millis>
  <sequence>2</sequence>
  <logger>User Id: COMPA1001</logger>
  <level>INFO</level>
  <class>client.Client</class>
  <method>main</method>
  <thread>1</thread>
  <message>2018-10-31T13:07:15.065 Operation: Add Course
</message>
</record>
<record>
  <date>2018-10-31T13:07:22</date>
  <millis>1541005642490</millis>
  <sequence>3</sequence>
  <logger>User Id: COMPA1001</logger>
  <level>INFO</level>
  <class>advisor.AdvisorOperations</class>
  <method>add_Course</method>
  <thread>1</thread>
  <message>2018-10-31T13:07:22.490Response from Server: Success</message>
</record>
</log>
<?xml version="1.0" encoding="windows-1252" standalone="no"?>
<!DOCTYPE log SYSTEM "logger.dtd">
<log>
<record>
  <date>2018-10-31T14:05:06</date>
  <millis>1541009106862</millis>
  <sequence>0</sequence>
  <logger>User Id: COMPA1001</logger>
  <level>INFO</level>
  <class>client.Client</class>
  <method>main</method>
  <thread>1</thread>
  <message>2018-10-31T14:05:06.862 Operation: Add Course
</message>
</record>
</log>
<?xml version="1.0" encoding="windows-1252" standalone="no"?>
<!DOCTYPE log SYSTEM "logger.dtd">
<log>
<record>
  <date>2018-10-31T14:05:56</date>
  <millis>1541009156407</millis>
  <sequence>0</sequence>
  <logger>User Id: COMPA1001</logger>
  <level>INFO</level>
  <class>client.Client</class>
  <method>main</method>
  <thread>1</thread>
  <message>2018-10-31T14:05:56.391 Operation: Add Course
</message>
</record>
</log>
<?xml version="1.0" encoding="windows-1252" standalone="no"?>
<!DOCTYPE log SYSTEM "logger.dtd">
<log>
<record>
  <date>2018-10-31T14:06:45</date>
  <millis>1541009205553</millis>
  <sequence>0</sequence>
  <logger>User Id: COMPA1001</logger>
  <level>INFO</level>
  <class>client.Client</class>
  <method>main</method>
  <thread>1</thread>
  <message>2018-10-31T14:06:45.537 Operation: List Course Availability
</message>
</record>
</log>
<?xml version="1.0" encoding="windows-1252" standalone="no"?>
<!DOCTYPE log SYSTEM "logger.dtd">
<log>
<record>
  <date>2018-10-31T14:07:24</date>
  <millis>1541009244313</millis>
  <sequence>0</sequence>
  <logger>User Id: COMPA1001</logger>
  <level>INFO</level>
  <class>client.Client</class>
  <method>main</method>
  <thread>1</thread>
  <message>2018-10-31T14:07:24.313 Operation: Add Course
</message>
</record>
<record>
  <date>2018-10-31T14:07:31</date>
  <millis>1541009251111</millis>
  <sequence>1</sequence>
  <logger>User Id: COMPA1001</logger>
  <level>INFO</level>
  <class>advisor.AdvisorOperations</class>
  <method>add_Course</method>
  <thread>1</thread>
  <message>2018-10-31T14:07:31.111Response from Server: Success</message>
</record>
<record>
  <date>2018-10-31T14:07:33</date>
  <millis>1541009253610</millis>
  <sequence>2</sequence>
  <logger>User Id: COMPA1001</logger>
  <level>INFO</level>
  <class>client.Client</class>
  <method>main</method>
  <thread>1</thread>
  <message>2018-10-31T14:07:33.610 Operation: Add Course
</message>
</record>
<record>
  <date>2018-10-31T14:07:37</date>
  <millis>1541009257518</millis>
  <sequence>3</sequence>
  <logger>User Id: COMPA1001</logger>
  <level>INFO</level>
  <class>advisor.AdvisorOperations</class>
  <method>add_Course</method>
  <thread>1</thread>
  <message>2018-10-31T14:07:37.518Response from Server: Success</message>
</record>
</log>
<?xml version="1.0" encoding="windows-1252" standalone="no"?>
<!DOCTYPE log SYSTEM "logger.dtd">
<log>
<record>
  <date>2018-10-31T14:10:24</date>
  <millis>1541009424253</millis>
  <sequence>0</sequence>
  <logger>User Id: COMPA1001</logger>
  <level>INFO</level>
  <class>client.Client</class>
  <method>main</method>
  <thread>1</thread>
  <message>2018-10-31T14:10:24.238 Operation: Add Course
</message>
</record>
<record>
  <date>2018-10-31T14:10:30</date>
  <millis>1541009430111</millis>
  <sequence>1</sequence>
  <logger>User Id: COMPA1001</logger>
  <level>INFO</level>
  <class>advisor.AdvisorOperations</class>
  <method>add_Course</method>
  <thread>1</thread>
  <message>2018-10-31T14:10:30.111Response from Server: Success</message>
</record>
<record>
  <date>2018-10-31T14:10:34</date>
  <millis>1541009434176</millis>
  <sequence>2</sequence>
  <logger>User Id: COMPA1001</logger>
  <level>INFO</level>
  <class>client.Client</class>
  <method>main</method>
  <thread>1</thread>
  <message>2018-10-31T14:10:34.176 Operation: Add Course
</message>
</record>
<record>
  <date>2018-10-31T14:10:39</date>
  <millis>1541009439523</millis>
  <sequence>3</sequence>
  <logger>User Id: COMPA1001</logger>
  <level>INFO</level>
  <class>advisor.AdvisorOperations</class>
  <method>add_Course</method>
  <thread>1</thread>
  <message>2018-10-31T14:10:39.523Response from Server: Success</message>
</record>
</log>
<?xml version="1.0" encoding="windows-1252" standalone="no"?>
<!DOCTYPE log SYSTEM "logger.dtd">
<log>
<record>
  <date>2018-10-31T14:13:41</date>
  <millis>1541009621564</millis>
  <sequence>0</sequence>
  <logger>User Id: COMPA1001</logger>
  <level>INFO</level>
  <class>client.Client</class>
  <method>main</method>
  <thread>1</thread>
  <message>2018-10-31T14:13:41.564 Operation: Add Course
</message>
</record>
<record>
  <date>2018-10-31T14:13:45</date>
  <millis>1541009625618</millis>
  <sequence>1</sequence>
  <logger>User Id: COMPA1001</logger>
  <level>INFO</level>
  <class>advisor.AdvisorOperations</class>
  <method>add_Course</method>
  <thread>1</thread>
  <message>2018-10-31T14:13:45.618Response from Server: Success</message>
</record>
<record>
  <date>2018-10-31T14:13:47</date>
  <millis>1541009627859</millis>
  <sequence>2</sequence>
  <logger>User Id: COMPA1001</logger>
  <level>INFO</level>
  <class>client.Client</class>
  <method>main</method>
  <thread>1</thread>
  <message>2018-10-31T14:13:47.859 Operation: Add Course
</message>
</record>
<record>
  <date>2018-10-31T14:13:51</date>
  <millis>1541009631173</millis>
  <sequence>3</sequence>
  <logger>User Id: COMPA1001</logger>
  <level>INFO</level>
  <class>advisor.AdvisorOperations</class>
  <method>add_Course</method>
  <thread>1</thread>
  <message>2018-10-31T14:13:51.173Response from Server: Success</message>
</record>
</log>
<?xml version="1.0" encoding="windows-1252" standalone="no"?>
<!DOCTYPE log SYSTEM "logger.dtd">
<log>
<record>
  <date>2018-10-31T14:16:03</date>
  <millis>1541009763372</millis>
  <sequence>0</sequence>
  <logger>User Id: COMPA1001</logger>
  <level>INFO</level>
  <class>client.Client</class>
  <method>main</method>
  <thread>1</thread>
  <message>2018-10-31T14:16:03.356 Operation: Add Course
</message>
</record>
<record>
  <date>2018-10-31T14:16:08</date>
  <millis>1541009768227</millis>
  <sequence>1</sequence>
  <logger>User Id: COMPA1001</logger>
  <level>INFO</level>
  <class>advisor.AdvisorOperations</class>
  <method>add_Course</method>
  <thread>1</thread>
  <message>2018-10-31T14:16:08.227Response from Server: Success</message>
</record>
<record>
  <date>2018-10-31T14:16:12</date>
  <millis>1541009772315</millis>
  <sequence>2</sequence>
  <logger>User Id: COMPA1001</logger>
  <level>INFO</level>
  <class>client.Client</class>
  <method>main</method>
  <thread>1</thread>
  <message>2018-10-31T14:16:12.315 Operation: Add Course
</message>
</record>
<record>
  <date>2018-10-31T14:16:15</date>
  <millis>1541009775293</millis>
  <sequence>3</sequence>
  <logger>User Id: COMPA1001</logger>
  <level>INFO</level>
  <class>advisor.AdvisorOperations</class>
  <method>add_Course</method>
  <thread>1</thread>
  <message>2018-10-31T14:16:15.293Response from Server: Success</message>
</record>
<record>
  <date>2018-10-31T14:16:57</date>
  <millis>1541009817134</millis>
  <sequence>4</sequence>
  <logger>User Id: COMPA1001</logger>
  <level>INFO</level>
  <class>client.Client</class>
  <method>main</method>
  <thread>1</thread>
  <message>2018-10-31T14:16:57.134 Operation: Remove Course
</message>
</record>
<record>
  <date>2018-10-31T14:16:59</date>
  <millis>1541009819096</millis>
  <sequence>5</sequence>
  <logger>User Id: COMPA1001</logger>
  <level>INFO</level>
  <class>advisor.AdvisorOperations</class>
  <method>remove_Course</method>
  <thread>1</thread>
  <message>2018-10-31T14:16:59.096Response from Server: Course Removed!</message>
</record>
<record>
  <date>2018-10-31T14:17:34</date>
  <millis>1541009854221</millis>
  <sequence>6</sequence>
  <logger>User Id: COMPA1001</logger>
  <level>INFO</level>
  <class>client.Client</class>
  <method>main</method>
  <thread>1</thread>
  <message>2018-10-31T14:17:34.221 Operation: List Course Availability
</message>
</record>
<record>
  <date>2018-10-31T14:17:34</date>
  <millis>1541009854236</millis>
  <sequence>7</sequence>
  <logger>User Id: COMPA1001</logger>
  <level>INFO</level>
  <class>advisor.AdvisorOperations</class>
  <method>listCourseAvailability</method>
  <thread>1</thread>
  <message>2018-10-31T14:17:34.236Response from Server: true</message>
</record>
<record>
  <date>2018-10-31T14:17:38</date>
  <millis>1541009858546</millis>
  <sequence>8</sequence>
  <logger>User Id: COMPA1001</logger>
  <level>INFO</level>
  <class>client.Client</class>
  <method>main</method>
  <thread>1</thread>
  <message>2018-10-31T14:17:38.546 Operation: List Course Availability
</message>
</record>
<record>
  <date>2018-10-31T14:17:38</date>
  <millis>1541009858561</millis>
  <sequence>9</sequence>
  <logger>User Id: COMPA1001</logger>
  <level>INFO</level>
  <class>advisor.AdvisorOperations</class>
  <method>listCourseAvailability</method>
  <thread>1</thread>
  <message>2018-10-31T14:17:38.561Response from Server: true</message>
</record>
<record>
  <date>2018-10-31T14:18:20</date>
  <millis>1541009900277</millis>
  <sequence>10</sequence>
  <logger>User Id: COMPA1001</logger>
  <level>INFO</level>
  <class>client.Client</class>
  <method>main</method>
  <thread>1</thread>
  <message>2018-10-31T14:18:20.277 Operation: Remove Course
</message>
</record>
<record>
  <date>2018-10-31T14:18:23</date>
  <millis>1541009903671</millis>
  <sequence>11</sequence>
  <logger>User Id: COMPA1001</logger>
  <level>INFO</level>
  <class>advisor.AdvisorOperations</class>
  <method>remove_Course</method>
  <thread>1</thread>
  <message>2018-10-31T14:18:23.671Response from Server: Course Removed!</message>
</record>
<record>
  <date>2018-10-31T14:18:27</date>
  <millis>1541009907440</millis>
  <sequence>12</sequence>
  <logger>User Id: COMPA1001</logger>
  <level>INFO</level>
  <class>client.Client</class>
  <method>main</method>
  <thread>1</thread>
  <message>2018-10-31T14:18:27.440 Operation: Add Course
</message>
</record>
<record>
  <date>2018-10-31T14:19:50</date>
  <millis>1541009990932</millis>
  <sequence>13</sequence>
  <logger>User Id: COMPA1001</logger>
  <level>INFO</level>
  <class>advisor.AdvisorOperations</class>
  <method>add_Course</method>
  <thread>1</thread>
  <message>2018-10-31T14:19:50.932Response from Server: Success</message>
</record>
<record>
  <date>2018-10-31T14:19:53</date>
  <millis>1541009993076</millis>
  <sequence>14</sequence>
  <logger>User Id: COMPA1001</logger>
  <level>INFO</level>
  <class>client.Client</class>
  <method>main</method>
  <thread>1</thread>
  <message>2018-10-31T14:19:53.076 Operation: Add Course
</message>
</record>
<record>
  <date>2018-10-31T14:19:57</date>
  <millis>1541009997770</millis>
  <sequence>15</sequence>
  <logger>User Id: COMPA1001</logger>
  <level>INFO</level>
  <class>advisor.AdvisorOperations</class>
  <method>add_Course</method>
  <thread>1</thread>
  <message>2018-10-31T14:19:57.770Response from Server: Success</message>
</record>
<record>
  <date>2018-10-31T14:20:11</date>
  <millis>1541010011565</millis>
  <sequence>16</sequence>
  <logger>User Id: COMPA1001</logger>
  <level>INFO</level>
  <class>client.Client</class>
  <method>main</method>
  <thread>1</thread>
  <message>2018-10-31T14:20:11.565 Operation: List Course Availability
</message>
</record>
<record>
  <date>2018-10-31T14:20:11</date>
  <millis>1541010011565</millis>
  <sequence>17</sequence>
  <logger>User Id: COMPA1001</logger>
  <level>INFO</level>
  <class>advisor.AdvisorOperations</class>
  <method>listCourseAvailability</method>
  <thread>1</thread>
  <message>2018-10-31T14:20:11.565Response from Server: true</message>
</record>
</log>
<?xml version="1.0" encoding="windows-1252" standalone="no"?>
<!DOCTYPE log SYSTEM "logger.dtd">
<log>
<record>
  <date>2018-10-31T14:23:53</date>
  <millis>1541010233558</millis>
  <sequence>0</sequence>
  <logger>User Id: COMPA1001</logger>
  <level>INFO</level>
  <class>client.Client</class>
  <method>main</method>
  <thread>1</thread>
  <message>2018-10-31T14:23:53.542 Operation: Add Course
</message>
</record>
<record>
  <date>2018-10-31T14:24:01</date>
  <millis>1541010241867</millis>
  <sequence>1</sequence>
  <logger>User Id: COMPA1001</logger>
  <level>INFO</level>
  <class>advisor.AdvisorOperations</class>
  <method>add_Course</method>
  <thread>1</thread>
  <message>2018-10-31T14:24:01.867Response from Server: Success</message>
</record>
<record>
  <date>2018-10-31T14:24:04</date>
  <millis>1541010244141</millis>
  <sequence>2</sequence>
  <logger>User Id: COMPA1001</logger>
  <level>INFO</level>
  <class>client.Client</class>
  <method>main</method>
  <thread>1</thread>
  <message>2018-10-31T14:24:04.141 Operation: Add Course
</message>
</record>
<record>
  <date>2018-10-31T14:24:09</date>
  <millis>1541010249747</millis>
  <sequence>3</sequence>
  <logger>User Id: COMPA1001</logger>
  <level>INFO</level>
  <class>advisor.AdvisorOperations</class>
  <method>add_Course</method>
  <thread>1</thread>
  <message>2018-10-31T14:24:09.747Response from Server: Success</message>
</record>
</log>
<?xml version="1.0" encoding="windows-1252" standalone="no"?>
<!DOCTYPE log SYSTEM "logger.dtd">
<log>
<record>
  <date>2018-10-31T14:27:14</date>
  <millis>1541010434940</millis>
  <sequence>0</sequence>
  <logger>User Id: COMPA1001</logger>
  <level>INFO</level>
  <class>client.Client</class>
  <method>main</method>
  <thread>1</thread>
  <message>2018-10-31T14:27:14.940 Operation: Add Course
</message>
</record>
<record>
  <date>2018-10-31T14:27:19</date>
  <millis>1541010439022</millis>
  <sequence>1</sequence>
  <logger>User Id: COMPA1001</logger>
  <level>INFO</level>
  <class>advisor.AdvisorOperations</class>
  <method>add_Course</method>
  <thread>1</thread>
  <message>2018-10-31T14:27:19.022Response from Server: Success</message>
</record>
<record>
  <date>2018-10-31T14:27:20</date>
  <millis>1541010440544</millis>
  <sequence>2</sequence>
  <logger>User Id: COMPA1001</logger>
  <level>INFO</level>
  <class>client.Client</class>
  <method>main</method>
  <thread>1</thread>
  <message>2018-10-31T14:27:20.544 Operation: Add Course
</message>
</record>
<record>
  <date>2018-10-31T14:27:25</date>
  <millis>1541010445721</millis>
  <sequence>3</sequence>
  <logger>User Id: COMPA1001</logger>
  <level>INFO</level>
  <class>advisor.AdvisorOperations</class>
  <method>add_Course</method>
  <thread>1</thread>
  <message>2018-10-31T14:27:25.721Response from Server: Success</message>
</record>
<record>
  <date>2018-10-31T14:27:49</date>
  <millis>1541010469925</millis>
  <sequence>4</sequence>
  <logger>User Id: COMPA1001</logger>
  <level>INFO</level>
  <class>client.Client</class>
  <method>main</method>
  <thread>1</thread>
  <message>2018-10-31T14:27:49.925 Operation: Add Course
</message>
</record>
<record>
  <date>2018-10-31T14:27:52</date>
  <millis>1541010472915</millis>
  <sequence>5</sequence>
  <logger>User Id: COMPA1001</logger>
  <level>INFO</level>
  <class>advisor.AdvisorOperations</class>
  <method>add_Course</method>
  <thread>1</thread>
  <message>2018-10-31T14:27:52.915Response from Server: Success</message>
</record>
</log>
<?xml version="1.0" encoding="windows-1252" standalone="no"?>
<!DOCTYPE log SYSTEM "logger.dtd">
<log>
<record>
  <date>2018-10-31T14:37:33</date>
  <millis>1541011053283</millis>
  <sequence>0</sequence>
  <logger>User Id: COMPA1001</logger>
  <level>INFO</level>
  <class>client.Client</class>
  <method>main</method>
  <thread>1</thread>
  <message>2018-10-31T14:37:33.283 Operation: Add Course
</message>
</record>
<record>
  <date>2018-10-31T14:37:36</date>
  <millis>1541011056245</millis>
  <sequence>1</sequence>
  <logger>User Id: COMPA1001</logger>
  <level>INFO</level>
  <class>advisor.AdvisorOperations</class>
  <method>add_Course</method>
  <thread>1</thread>
  <message>2018-10-31T14:37:36.245Response from Server: Success</message>
</record>
<record>
  <date>2018-10-31T14:37:38</date>
  <millis>1541011058919</millis>
  <sequence>2</sequence>
  <logger>User Id: COMPA1001</logger>
  <level>INFO</level>
  <class>client.Client</class>
  <method>main</method>
  <thread>1</thread>
  <message>2018-10-31T14:37:38.919 Operation: Add Course
</message>
</record>
<record>
  <date>2018-10-31T14:37:41</date>
  <millis>1541011061910</millis>
  <sequence>3</sequence>
  <logger>User Id: COMPA1001</logger>
  <level>INFO</level>
  <class>advisor.AdvisorOperations</class>
  <method>add_Course</method>
  <thread>1</thread>
  <message>2018-10-31T14:37:41.910Response from Server: Success</message>
</record>
<record>
  <date>2018-10-31T14:38:04</date>
  <millis>1541011084143</millis>
  <sequence>4</sequence>
  <logger>User Id: COMPA1001</logger>
  <level>INFO</level>
  <class>client.Client</class>
  <method>main</method>
  <thread>1</thread>
  <message>2018-10-31T14:38:04.143 Operation: List Course Availability
</message>
</record>
<record>
  <date>2018-10-31T14:38:04</date>
  <millis>1541011084174</millis>
  <sequence>5</sequence>
  <logger>User Id: COMPA1001</logger>
  <level>INFO</level>
  <class>advisor.AdvisorOperations</class>
  <method>listCourseAvailability</method>
  <thread>1</thread>
  <message>2018-10-31T14:38:04.174Response from Server: true</message>
</record>
<record>
  <date>2018-10-31T14:38:07</date>
  <millis>1541011087944</millis>
  <sequence>6</sequence>
  <logger>User Id: COMPA1001</logger>
  <level>INFO</level>
  <class>client.Client</class>
  <method>main</method>
  <thread>1</thread>
  <message>2018-10-31T14:38:07.944 Operation: Remove Course
</message>
</record>
<record>
  <date>2018-10-31T14:38:09</date>
  <millis>1541011089131</millis>
  <sequence>7</sequence>
  <logger>User Id: COMPA1001</logger>
  <level>INFO</level>
  <class>advisor.AdvisorOperations</class>
  <method>remove_Course</method>
  <thread>1</thread>
  <message>2018-10-31T14:38:09.131Response from Server: Course Removed!</message>
</record>
<record>
  <date>2018-10-31T14:38:11</date>
  <millis>1541011091546</millis>
  <sequence>8</sequence>
  <logger>User Id: COMPA1001</logger>
  <level>INFO</level>
  <class>client.Client</class>
  <method>main</method>
  <thread>1</thread>
  <message>2018-10-31T14:38:11.546 Operation: List Course Availability
</message>
</record>
<record>
  <date>2018-10-31T14:38:11</date>
  <millis>1541011091562</millis>
  <sequence>9</sequence>
  <logger>User Id: COMPA1001</logger>
  <level>INFO</level>
  <class>advisor.AdvisorOperations</class>
  <method>listCourseAvailability</method>
  <thread>1</thread>
  <message>2018-10-31T14:38:11.562Response from Server: true</message>
</record>
<record>
  <date>2018-10-31T14:38:14</date>
  <millis>1541011094954</millis>
  <sequence>10</sequence>
  <logger>User Id: COMPA1001</logger>
  <level>INFO</level>
  <class>client.Client</class>
  <method>main</method>
  <thread>1</thread>
  <message>2018-10-31T14:38:14.954 Operation: List Course Availability
</message>
</record>
<record>
  <date>2018-10-31T14:38:14</date>
  <millis>1541011094970</millis>
  <sequence>11</sequence>
  <logger>User Id: COMPA1001</logger>
  <level>INFO</level>
  <class>advisor.AdvisorOperations</class>
  <method>listCourseAvailability</method>
  <thread>1</thread>
  <message>2018-10-31T14:38:14.970Response from Server: true</message>
</record>
</log>
<?xml version="1.0" encoding="windows-1252" standalone="no"?>
<!DOCTYPE log SYSTEM "logger.dtd">
<log>
<record>
  <date>2018-10-31T16:00:07</date>
  <millis>1541016007608</millis>
  <sequence>0</sequence>
  <logger>User Id: COMPA1001</logger>
  <level>INFO</level>
  <class>client.Client</class>
  <method>main</method>
  <thread>1</thread>
  <message>2018-10-31T16:00:07.608 Operation: Add Course
</message>
</record>
<record>
  <date>2018-10-31T16:00:31</date>
  <millis>1541016031111</millis>
  <sequence>1</sequence>
  <logger>User Id: COMPA1001</logger>
  <level>INFO</level>
  <class>advisor.AdvisorOperations</class>
  <method>add_Course</method>
  <thread>1</thread>
  <message>2018-10-31T16:00:31.111Response from Server: Success</message>
</record>
<record>
  <date>2018-10-31T16:00:34</date>
  <millis>1541016034967</millis>
  <sequence>2</sequence>
  <logger>User Id: COMPA1001</logger>
  <level>INFO</level>
  <class>client.Client</class>
  <method>main</method>
  <thread>1</thread>
  <message>2018-10-31T16:00:34.967 Operation: Add Course
</message>
</record>
<record>
  <date>2018-10-31T16:00:40</date>
  <millis>1541016040295</millis>
  <sequence>3</sequence>
  <logger>User Id: COMPA1001</logger>
  <level>INFO</level>
  <class>advisor.AdvisorOperations</class>
  <method>add_Course</method>
  <thread>1</thread>
  <message>2018-10-31T16:00:40.295Response from Server: Success</message>
</record>
<record>
  <date>2018-10-31T16:01:06</date>
  <millis>1541016066212</millis>
  <sequence>4</sequence>
  <logger>User Id: COMPA1001</logger>
  <level>INFO</level>
  <class>client.Client</class>
  <method>main</method>
  <thread>1</thread>
  <message>2018-10-31T16:01:06.212 Operation: Remove Course
</message>
</record>
<record>
  <date>2018-10-31T16:01:08</date>
  <millis>1541016068937</millis>
  <sequence>5</sequence>
  <logger>User Id: COMPA1001</logger>
  <level>INFO</level>
  <class>advisor.AdvisorOperations</class>
  <method>remove_Course</method>
  <thread>1</thread>
  <message>2018-10-31T16:01:08.937Response from Server: Course Removed!</message>
</record>
<record>
  <date>2018-10-31T16:01:13</date>
  <millis>1541016073456</millis>
  <sequence>6</sequence>
  <logger>User Id: COMPA1001</logger>
  <level>INFO</level>
  <class>client.Client</class>
  <method>main</method>
  <thread>1</thread>
  <message>2018-10-31T16:01:13.456 Operation: List Course Availability
</message>
</record>
<record>
  <date>2018-10-31T16:01:13</date>
  <millis>1541016073472</millis>
  <sequence>7</sequence>
  <logger>User Id: COMPA1001</logger>
  <level>INFO</level>
  <class>advisor.AdvisorOperations</class>
  <method>listCourseAvailability</method>
  <thread>1</thread>
  <message>2018-10-31T16:01:13.472Response from Server: true</message>
</record>
<record>
  <date>2018-10-31T16:01:17</date>
  <millis>1541016077486</millis>
  <sequence>8</sequence>
  <logger>User Id: COMPA1001</logger>
  <level>INFO</level>
  <class>client.Client</class>
  <method>main</method>
  <thread>1</thread>
  <message>2018-10-31T16:01:17.486 Operation: List Course Availability
</message>
</record>
<record>
  <date>2018-10-31T16:01:17</date>
  <millis>1541016077502</millis>
  <sequence>9</sequence>
  <logger>User Id: COMPA1001</logger>
  <level>INFO</level>
  <class>advisor.AdvisorOperations</class>
  <method>listCourseAvailability</method>
  <thread>1</thread>
  <message>2018-10-31T16:01:17.502Response from Server: true</message>
</record>
</log>
<?xml version="1.0" encoding="windows-1252" standalone="no"?>
<!DOCTYPE log SYSTEM "logger.dtd">
<log>
<record>
  <date>2018-10-31T16:05:21</date>
  <millis>1541016321842</millis>
  <sequence>0</sequence>
  <logger>User Id: COMPA1001</logger>
  <level>INFO</level>
  <class>client.Client</class>
  <method>main</method>
  <thread>1</thread>
  <message>2018-10-31T16:05:21.827 Operation: Add Course
</message>
</record>
<record>
  <date>2018-10-31T16:05:25</date>
  <millis>1541016325771</millis>
  <sequence>1</sequence>
  <logger>User Id: COMPA1001</logger>
  <level>INFO</level>
  <class>advisor.AdvisorOperations</class>
  <method>add_Course</method>
  <thread>1</thread>
  <message>2018-10-31T16:05:25.771Response from Server: Success</message>
</record>
<record>
  <date>2018-10-31T16:05:34</date>
  <millis>1541016334612</millis>
  <sequence>2</sequence>
  <logger>User Id: COMPA1001</logger>
  <level>INFO</level>
  <class>client.Client</class>
  <method>main</method>
  <thread>1</thread>
  <message>2018-10-31T16:05:34.612 Operation: Add Course
</message>
</record>
<record>
  <date>2018-10-31T16:05:43</date>
  <millis>1541016343607</millis>
  <sequence>3</sequence>
  <logger>User Id: COMPA1001</logger>
  <level>INFO</level>
  <class>advisor.AdvisorOperations</class>
  <method>add_Course</method>
  <thread>1</thread>
  <message>2018-10-31T16:05:43.607Response from Server: Success</message>
</record>
<record>
  <date>2018-10-31T16:06:13</date>
  <millis>1541016373490</millis>
  <sequence>4</sequence>
  <logger>User Id: COMPA1001</logger>
  <level>INFO</level>
  <class>client.Client</class>
  <method>main</method>
  <thread>1</thread>
  <message>2018-10-31T16:06:13.490 Operation: Remove Course
</message>
</record>
<record>
  <date>2018-10-31T16:06:15</date>
  <millis>1541016375504</millis>
  <sequence>5</sequence>
  <logger>User Id: COMPA1001</logger>
  <level>INFO</level>
  <class>advisor.AdvisorOperations</class>
  <method>remove_Course</method>
  <thread>1</thread>
  <message>2018-10-31T16:06:15.504Response from Server: Course Removed!</message>
</record>
<record>
  <date>2018-10-31T16:06:18</date>
  <millis>1541016378506</millis>
  <sequence>6</sequence>
  <logger>User Id: COMPA1001</logger>
  <level>INFO</level>
  <class>client.Client</class>
  <method>main</method>
  <thread>1</thread>
  <message>2018-10-31T16:06:18.506 Operation: List Course Availability
</message>
</record>
<record>
  <date>2018-10-31T16:06:18</date>
  <millis>1541016378522</millis>
  <sequence>7</sequence>
  <logger>User Id: COMPA1001</logger>
  <level>INFO</level>
  <class>advisor.AdvisorOperations</class>
  <method>listCourseAvailability</method>
  <thread>1</thread>
  <message>2018-10-31T16:06:18.522Response from Server: true</message>
</record>
<record>
  <date>2018-10-31T16:06:22</date>
  <millis>1541016382377</millis>
  <sequence>8</sequence>
  <logger>User Id: COMPA1001</logger>
  <level>INFO</level>
  <class>client.Client</class>
  <method>main</method>
  <thread>1</thread>
  <message>2018-10-31T16:06:22.377 Operation: List Course Availability
</message>
</record>
<record>
  <date>2018-10-31T16:06:22</date>
  <millis>1541016382377</millis>
  <sequence>9</sequence>
  <logger>User Id: COMPA1001</logger>
  <level>INFO</level>
  <class>advisor.AdvisorOperations</class>
  <method>listCourseAvailability</method>
  <thread>1</thread>
  <message>2018-10-31T16:06:22.377Response from Server: true</message>
</record>
</log>
<?xml version="1.0" encoding="windows-1252" standalone="no"?>
<!DOCTYPE log SYSTEM "logger.dtd">
<log>
<record>
  <date>2018-10-31T16:10:31</date>
  <millis>1541016631983</millis>
  <sequence>0</sequence>
  <logger>User Id: COMPA1001</logger>
  <level>INFO</level>
  <class>client.Client</class>
  <method>main</method>
  <thread>1</thread>
  <message>2018-10-31T16:10:31.968 Operation: Add Course
</message>
</record>
<record>
  <date>2018-10-31T16:10:36</date>
  <millis>1541016636268</millis>
  <sequence>1</sequence>
  <logger>User Id: COMPA1001</logger>
  <level>INFO</level>
  <class>advisor.AdvisorOperations</class>
  <method>add_Course</method>
  <thread>1</thread>
  <message>2018-10-31T16:10:36.268Response from Server: Success</message>
</record>
<record>
  <date>2018-10-31T16:10:38</date>
  <millis>1541016638107</millis>
  <sequence>2</sequence>
  <logger>User Id: COMPA1001</logger>
  <level>INFO</level>
  <class>client.Client</class>
  <method>main</method>
  <thread>1</thread>
  <message>2018-10-31T16:10:38.107 Operation: Add Course
</message>
</record>
<record>
  <date>2018-10-31T16:10:40</date>
  <millis>1541016640502</millis>
  <sequence>3</sequence>
  <logger>User Id: COMPA1001</logger>
  <level>INFO</level>
  <class>advisor.AdvisorOperations</class>
  <method>add_Course</method>
  <thread>1</thread>
  <message>2018-10-31T16:10:40.502Response from Server: Success</message>
</record>
<record>
  <date>2018-10-31T16:11:00</date>
  <millis>1541016660676</millis>
  <sequence>4</sequence>
  <logger>User Id: COMPA1001</logger>
  <level>INFO</level>
  <class>client.Client</class>
  <method>main</method>
  <thread>1</thread>
  <message>2018-10-31T16:11:00.676 Operation: Remove Course
</message>
</record>
<record>
  <date>2018-10-31T16:11:01</date>
  <millis>1541016661829</millis>
  <sequence>5</sequence>
  <logger>User Id: COMPA1001</logger>
  <level>INFO</level>
  <class>advisor.AdvisorOperations</class>
  <method>remove_Course</method>
  <thread>1</thread>
  <message>2018-10-31T16:11:01.829Response from Server: Course Removed!</message>
</record>
<record>
  <date>2018-10-31T16:11:04</date>
  <millis>1541016664113</millis>
  <sequence>6</sequence>
  <logger>User Id: COMPA1001</logger>
  <level>INFO</level>
  <class>client.Client</class>
  <method>main</method>
  <thread>1</thread>
  <message>2018-10-31T16:11:04.113 Operation: List Course Availability
</message>
</record>
<record>
  <date>2018-10-31T16:11:04</date>
  <millis>1541016664129</millis>
  <sequence>7</sequence>
  <logger>User Id: COMPA1001</logger>
  <level>INFO</level>
  <class>advisor.AdvisorOperations</class>
  <method>listCourseAvailability</method>
  <thread>1</thread>
  <message>2018-10-31T16:11:04.129Response from Server: true</message>
</record>
</log>
