<?xml version="1.0" encoding="windows-1252" standalone="no"?>
<!DOCTYPE log SYSTEM "logger.dtd">
<log>
<record>
  <date>2018-10-28T13:37:41</date>
  <millis>1540748261595</millis>
  <sequence>0</sequence>
  <logger>User Id: COMPS1002</logger>
  <level>INFO</level>
  <class>client.Client</class>
  <method>main</method>
  <thread>1</thread>
  <message>2018-10-28T13:37:41.580 Operation: Enroll Course</message>
</record>
<record>
  <date>2018-10-28T13:37:43</date>
  <millis>1540748263487</millis>
  <sequence>1</sequence>
  <logger>User Id: COMPS1002</logger>
  <level>INFO</level>
  <class>student.StudentOperations</class>
  <method>enrollCourse</method>
  <thread>1</thread>
  <message>2018-10-28T13:37:43.487 Response from Server: The course is full!</message>
</record>
</log>
